[23:53:19] 🤖 Запуск EPG-робота v3 (Node.js)...
[23:53:19] 📂 Реестр каналов не найден, старт со стартового списка (25 каналов)
[23:53:19] 📡 Шаг 1: реальные XMLTV-агрегаторы...
[23:53:19]   → XMLTV: https://epgshare01.online/epgshare01/epg_ripper_ALL_SOURCES1.xml.gz
[23:53:23] ⚠️  https://epgshare01.online/epgshare01/epg_ripper_ALL_SOURCES1.xml.gz: Cannot create a string longer than 0x1fffffe8 characters
[23:53:23]   → XMLTV: https://raw.githubusercontent.com/Free-TV/IPTV/master/epg.xml
[23:53:23] ⚠️  https://raw.githubusercontent.com/Free-TV/IPTV/master/epg.xml: HTTP 404 для https://raw.githubusercontent.com/Free-TV/IPTV/master/epg.xml
[23:53:23]   → XMLTV: https://iptv-org.github.io/epg/guides/ru.xml
[23:53:23] ⚠️  https://iptv-org.github.io/epg/guides/ru.xml: HTTP 404 для https://iptv-org.github.io/epg/guides/ru.xml
[23:53:23] ⚠️  Ни один публичный XMLTV-источник не ответил в этот раз
[23:53:23] 🔍 Шаг 2: веб-поиск расписания для 25 каналов без данных...
[23:53:28]   ✅ Первый канал: 33 передач со страницы programma-peredach.com
[23:53:30]   ✅ Россия 1: 26 передач со страницы programma-peredach.com
[23:53:31] ⚠️  webSearch: ни один backend не дал результатов для "НТВ программа передач сегодня"
[23:53:31] ⚠️  webSearch: ни один backend не дал результатов для "СТС программа передач сегодня"
[23:53:32] ⚠️  webSearch: ни один backend не дал результатов для "РЕН ТВ программа передач сегодня"
[23:53:32] ⚠️  webSearch: ни один backend не дал результатов для "ТНТ программа передач сегодня"
[23:53:32] ⚠️  webSearch: ни один backend не дал результатов для "Пятый канал программа передач сегодня"
[23:53:33] ⚠️  webSearch: ни один backend не дал результатов для "ТВ Центр программа передач сегодня"
[23:53:33] ⚠️  webSearch: ни один backend не дал результатов для "ОТР программа передач сегодня"
[23:53:33] ⚠️  webSearch: ни один backend не дал результатов для "Звезда программа передач сегодня"
[23:53:34] ⚠️  webSearch: ни один backend не дал результатов для "ТВ-3 программа передач сегодня"
[23:53:34] ⚠️  webSearch: ни один backend не дал результатов для "Суббота! программа передач сегодня"
[23:53:34] ⚠️  webSearch: ни один backend не дал результатов для "Дом Кино программа передач сегодня"
[23:53:35] ⚠️  webSearch: ни один backend не дал результатов для "Карусель программа передач сегодня"
[23:53:35] ⚠️  webSearch: ни один backend не дал результатов для "Наука программа передач сегодня"
[23:53:36] ⚠️  webSearch: ни один backend не дал результатов для "МУЗ-ТВ программа передач сегодня"
[23:53:36] ⚠️  webSearch: ни один backend не дал результатов для "Матч! ТВ программа передач сегодня"
[23:53:36] ⚠️  webSearch: ни один backend не дал результатов для "Россия 24 программа передач сегодня"
[23:53:37] ⚠️  webSearch: ни один backend не дал результатов для "Домашний программа передач сегодня"
[23:53:37] ⚠️  webSearch: ни один backend не дал результатов для "Пятница! программа передач сегодня"
[23:53:37] ⚠️  webSearch: ни один backend не дал результатов для "Россия Культура программа передач сегодня"
[23:53:37] ⚠️  webSearch: ни один backend не дал результатов для "ТНТ4 программа передач сегодня"
[23:53:38] ⚠️  webSearch: ни один backend не дал результатов для "2x2 программа передач сегодня"
[23:53:38] ⚠️  webSearch: ни один backend не дал результатов для "Мир программа передач сегодня"
[23:53:38] ⚠️  webSearch: ни один backend не дал результатов для "Спас программа передач сегодня"
[23:53:38] 📺 Шаг 3 (резерв): Яндекс.ТВ API для 23 каналов без расписания...
[23:53:39] ⚠️  Яндекс.ТВ каталог недоступен: HTTP 404 для https://tv.yandex.ru/ajax/i-tv-region/get?resource=schedule&params=%7B%22channelLimit%22%3A1000%2C%22channelProgramsLimit%22%3A1%2C%22fields%22%3A%22schedules%2Cchannel%2Ctitle%2CsiteUrl%2Clogo%2CoriginalSize%2Csrc%2Cid%2Csynonyms%22%7D
[23:53:39] 🎬 Шаг 4: загрузка m3u8-плейлистов...
[23:53:40]   📺 Плейлист https://raw.githubusercontent.com/OinkTechLLC/livem3u/main/zabava-full.m3u: 2222 записей
[23:53:40]   📺 Плейлист https://raw.githubusercontent.com/OinkTechLtd/rulive/main/russ.m3u: 12 записей
[23:53:40]   📺 Плейлист https://raw.githubusercontent.com/OinkTechLLC/livem3u/main/smotrim.m3u: 310 записей
[23:53:40]   📡 Привязано 21 реальных потоков
[23:53:40] 💾 Реестр каналов сохранён: 25 каналов
[23:53:40] ✅ Итого: 25 каналов в реестре, 2 с реальным расписанием (4 передач), 20.5с
[20:53:40] 📊 schedule.json: 25 каналов, 4 передач
[20:53:40] 🏗️  Собираем docs/...
[20:53:40]   ✅ index.html
[20:53:40]   ✅ embed.html
[20:53:40]   ✅ player.html
[20:53:40] ✅ docs/ собран
[01:42:37] 🤖 Запуск EPG-робота v3 (Node.js)...
[01:42:37] 📂 Загружен реестр каналов: 25 каналов
[01:42:37] 📡 Шаг 1: реальные XMLTV-агрегаторы...
[01:42:37]   → XMLTV: https://epgshare01.online/epgshare01/epg_ripper_ALL_SOURCES1.xml.gz
[01:42:41] ⚠️  https://epgshare01.online/epgshare01/epg_ripper_ALL_SOURCES1.xml.gz: Cannot create a string longer than 0x1fffffe8 characters
[01:42:41]   → XMLTV: https://raw.githubusercontent.com/Free-TV/IPTV/master/epg.xml
[01:42:41] ⚠️  https://raw.githubusercontent.com/Free-TV/IPTV/master/epg.xml: HTTP 404 для https://raw.githubusercontent.com/Free-TV/IPTV/master/epg.xml
[01:42:41]   → XMLTV: https://iptv-org.github.io/epg/guides/ru.xml
[01:42:41] ⚠️  https://iptv-org.github.io/epg/guides/ru.xml: HTTP 404 для https://iptv-org.github.io/epg/guides/ru.xml
[01:42:41] ⚠️  Ни один публичный XMLTV-источник не ответил в этот раз
[01:42:41] 🔍 Шаг 2: веб-поиск расписания для 25 каналов без данных...
[01:42:43]   ✅ Первый канал: 33 передач со страницы programma-peredach.com
[01:42:44]   ✅ Россия 1: 26 передач со страницы programma-peredach.com
[01:42:45] ⚠️  webSearch: ни один backend не дал результатов для "НТВ программа передач сегодня"
[01:42:46] ⚠️  webSearch: ни один backend не дал результатов для "СТС программа передач сегодня"
[01:42:46] ⚠️  webSearch: ни один backend не дал результатов для "РЕН ТВ программа передач сегодня"
[01:42:46] ⚠️  webSearch: ни один backend не дал результатов для "ТНТ программа передач сегодня"
[01:42:46] ⚠️  webSearch: ни один backend не дал результатов для "Пятый канал программа передач сегодня"
[01:42:46] ⚠️  webSearch: ни один backend не дал результатов для "ТВ Центр программа передач сегодня"
[01:42:47] ⚠️  webSearch: ни один backend не дал результатов для "ОТР программа передач сегодня"
[01:42:47] ⚠️  webSearch: ни один backend не дал результатов для "Звезда программа передач сегодня"
[01:42:47] ⚠️  webSearch: ни один backend не дал результатов для "ТВ-3 программа передач сегодня"
[01:42:47] ⚠️  webSearch: ни один backend не дал результатов для "Суббота! программа передач сегодня"
[01:42:48] ⚠️  webSearch: ни один backend не дал результатов для "Дом Кино программа передач сегодня"
[01:42:48] ⚠️  webSearch: ни один backend не дал результатов для "Карусель программа передач сегодня"
[01:42:48] ⚠️  webSearch: ни один backend не дал результатов для "Наука программа передач сегодня"
[01:42:48] ⚠️  webSearch: ни один backend не дал результатов для "МУЗ-ТВ программа передач сегодня"
[01:42:49] ⚠️  webSearch: ни один backend не дал результатов для "Матч! ТВ программа передач сегодня"
[01:42:49] ⚠️  webSearch: ни один backend не дал результатов для "Россия 24 программа передач сегодня"
[01:42:49] ⚠️  webSearch: ни один backend не дал результатов для "Домашний программа передач сегодня"
[01:42:49] ⚠️  webSearch: ни один backend не дал результатов для "Пятница! программа передач сегодня"
[01:42:49] ⚠️  webSearch: ни один backend не дал результатов для "Россия Культура программа передач сегодня"
[01:42:49] ⚠️  webSearch: ни один backend не дал результатов для "ТНТ4 программа передач сегодня"
[01:42:50] ⚠️  webSearch: ни один backend не дал результатов для "2x2 программа передач сегодня"
[01:42:50] ⚠️  webSearch: ни один backend не дал результатов для "Мир программа передач сегодня"
[01:42:50] ⚠️  webSearch: ни один backend не дал результатов для "Спас программа передач сегодня"
[01:42:50] 📺 Шаг 3 (резерв): Яндекс.ТВ API для 23 каналов без расписания...
[01:42:51] ⚠️  Яндекс.ТВ каталог недоступен: HTTP 404 для https://tv.yandex.ru/ajax/i-tv-region/get?resource=schedule&params=%7B%22channelLimit%22%3A1000%2C%22channelProgramsLimit%22%3A1%2C%22fields%22%3A%22schedules%2Cchannel%2Ctitle%2CsiteUrl%2Clogo%2CoriginalSize%2Csrc%2Cid%2Csynonyms%22%7D
[01:42:51] 🎬 Шаг 4: загрузка m3u8-плейлистов...
[01:42:51]   📺 Плейлист https://raw.githubusercontent.com/OinkTechLLC/livem3u/main/zabava-full.m3u: 2222 записей
[01:42:51]   📺 Плейлист https://raw.githubusercontent.com/OinkTechLtd/rulive/main/russ.m3u: 12 записей
[01:42:51]   📺 Плейлист https://raw.githubusercontent.com/OinkTechLLC/livem3u/main/smotrim.m3u: 310 записей
[01:42:51]   📡 Привязано 0 реальных потоков
[01:42:51] 💾 Реестр каналов сохранён: 25 каналов
[01:42:51] ✅ Итого: 25 каналов в реестре, 2 с реальным расписанием (59 передач), 14.0с
[22:42:51] 📊 schedule.json: 25 каналов, 59 передач
[22:42:51] 🏗️  Собираем docs/...
[22:42:51]   ✅ index.html
[22:42:51]   ✅ embed.html
[22:42:51]   ✅ player.html
[22:42:51] ✅ docs/ собран
[05:56:37] 🤖 Запуск EPG-робота v3 (Node.js)...
[05:56:37] 📂 Загружен реестр каналов: 25 каналов
[05:56:37] 📡 Шаг 1: реальные XMLTV-агрегаторы...
[05:56:37]   → XMLTV: https://epgshare01.online/epgshare01/epg_ripper_ALL_SOURCES1.xml.gz
[05:56:41] ⚠️  https://epgshare01.online/epgshare01/epg_ripper_ALL_SOURCES1.xml.gz: Cannot create a string longer than 0x1fffffe8 characters
[05:56:41]   → XMLTV: https://raw.githubusercontent.com/Free-TV/IPTV/master/epg.xml
[05:56:42] ⚠️  https://raw.githubusercontent.com/Free-TV/IPTV/master/epg.xml: HTTP 404 для https://raw.githubusercontent.com/Free-TV/IPTV/master/epg.xml
[05:56:42]   → XMLTV: https://iptv-org.github.io/epg/guides/ru.xml
[05:56:42] ⚠️  https://iptv-org.github.io/epg/guides/ru.xml: HTTP 404 для https://iptv-org.github.io/epg/guides/ru.xml
[05:56:42] ⚠️  Ни один публичный XMLTV-источник не ответил в этот раз
[05:56:42] 🔍 Шаг 2: веб-поиск расписания для 25 каналов без данных...
[05:56:43]   ✅ Первый канал: 33 передач со страницы programma-peredach.com
[05:56:45]   ✅ Россия 1: 26 передач со страницы programma-peredach.com
[05:56:46] ⚠️  webSearch: ни один backend не дал результатов для "НТВ программа передач сегодня"
[05:56:46] ⚠️  webSearch: ни один backend не дал результатов для "СТС программа передач сегодня"
[05:56:46] ⚠️  webSearch: ни один backend не дал результатов для "РЕН ТВ программа передач сегодня"
[05:56:47] ⚠️  webSearch: ни один backend не дал результатов для "ТНТ программа передач сегодня"
[05:56:47] ⚠️  webSearch: ни один backend не дал результатов для "Пятый канал программа передач сегодня"
[05:56:48] ⚠️  webSearch: ни один backend не дал результатов для "ТВ Центр программа передач сегодня"
[05:56:48] ⚠️  webSearch: ни один backend не дал результатов для "ОТР программа передач сегодня"
[05:56:48] ⚠️  webSearch: ни один backend не дал результатов для "Звезда программа передач сегодня"
[05:56:49] ⚠️  webSearch: ни один backend не дал результатов для "ТВ-3 программа передач сегодня"
[05:56:49] ⚠️  webSearch: ни один backend не дал результатов для "Суббота! программа передач сегодня"
[05:56:49] ⚠️  webSearch: ни один backend не дал результатов для "Дом Кино программа передач сегодня"
[05:56:50] ⚠️  webSearch: ни один backend не дал результатов для "Карусель программа передач сегодня"
[05:56:50] ⚠️  webSearch: ни один backend не дал результатов для "Наука программа передач сегодня"
[05:56:50] ⚠️  webSearch: ни один backend не дал результатов для "МУЗ-ТВ программа передач сегодня"
[05:56:50] ⚠️  webSearch: ни один backend не дал результатов для "Матч! ТВ программа передач сегодня"
[05:56:51] ⚠️  webSearch: ни один backend не дал результатов для "Россия 24 программа передач сегодня"
[05:56:51] ⚠️  webSearch: ни один backend не дал результатов для "Домашний программа передач сегодня"
[05:56:51] ⚠️  webSearch: ни один backend не дал результатов для "Пятница! программа передач сегодня"
[05:56:52] ⚠️  webSearch: ни один backend не дал результатов для "Россия Культура программа передач сегодня"
[05:56:52] ⚠️  webSearch: ни один backend не дал результатов для "ТНТ4 программа передач сегодня"
[05:56:52] ⚠️  webSearch: ни один backend не дал результатов для "2x2 программа передач сегодня"
[05:56:53] ⚠️  webSearch: ни один backend не дал результатов для "Мир программа передач сегодня"
[05:56:53] ⚠️  webSearch: ни один backend не дал результатов для "Спас программа передач сегодня"
[05:56:53] 📺 Шаг 3 (резерв): Яндекс.ТВ API для 23 каналов без расписания...
[05:56:54] ⚠️  Яндекс.ТВ каталог недоступен: HTTP 404 для https://tv.yandex.ru/ajax/i-tv-region/get?resource=schedule&params=%7B%22channelLimit%22%3A1000%2C%22channelProgramsLimit%22%3A1%2C%22fields%22%3A%22schedules%2Cchannel%2Ctitle%2CsiteUrl%2Clogo%2CoriginalSize%2Csrc%2Cid%2Csynonyms%22%7D
[05:56:54] 🎬 Шаг 4: загрузка m3u8-плейлистов...
[05:56:54]   📺 Плейлист https://raw.githubusercontent.com/OinkTechLLC/livem3u/main/zabava-full.m3u: 2222 записей
[05:56:55]   📺 Плейлист https://raw.githubusercontent.com/OinkTechLtd/rulive/main/russ.m3u: 12 записей
[05:56:55]   📺 Плейлист https://raw.githubusercontent.com/OinkTechLLC/livem3u/main/smotrim.m3u: 310 записей
[05:56:55]   📡 Привязано 0 реальных потоков
[05:56:55] 💾 Реестр каналов сохранён: 25 каналов
[05:56:55] ✅ Итого: 25 каналов в реестре, 2 с реальным расписанием (49 передач), 17.7с
[02:56:55] 📊 schedule.json: 25 каналов, 49 передач
[02:56:55] 🏗️  Собираем docs/...
[02:56:55]   ✅ index.html
[02:56:55]   ✅ embed.html
[02:56:55]   ✅ player.html
[02:56:55] ✅ docs/ собран
[11:06:15] 🤖 Запуск EPG-робота v3 (Node.js)...
[11:06:15] 📂 Загружен реестр каналов: 25 каналов
[11:06:15] 📡 Шаг 1: реальные XMLTV-агрегаторы...
[11:06:15]   → XMLTV: https://epgshare01.online/epgshare01/epg_ripper_ALL_SOURCES1.xml.gz
[11:06:20] ⚠️  https://epgshare01.online/epgshare01/epg_ripper_ALL_SOURCES1.xml.gz: Cannot create a string longer than 0x1fffffe8 characters
[11:06:20]   → XMLTV: https://raw.githubusercontent.com/Free-TV/IPTV/master/epg.xml
[11:06:20] ⚠️  https://raw.githubusercontent.com/Free-TV/IPTV/master/epg.xml: HTTP 404 для https://raw.githubusercontent.com/Free-TV/IPTV/master/epg.xml
[11:06:20]   → XMLTV: https://iptv-org.github.io/epg/guides/ru.xml
[11:06:20] ⚠️  https://iptv-org.github.io/epg/guides/ru.xml: HTTP 404 для https://iptv-org.github.io/epg/guides/ru.xml
[11:06:20] ⚠️  Ни один публичный XMLTV-источник не ответил в этот раз
[11:06:20] 🔍 Шаг 2: веб-поиск расписания для 25 каналов без данных...
[11:06:22]   ✅ Первый канал: 32 передач со страницы programma-peredach.com
[11:06:23]   ✅ Россия 1: 26 передач со страницы programma-peredach.com
[11:06:24] ⚠️  webSearch: ни один backend не дал результатов для "НТВ программа передач сегодня"
[11:06:24] ⚠️  webSearch: ни один backend не дал результатов для "СТС программа передач сегодня"
[11:06:24] ⚠️  webSearch: ни один backend не дал результатов для "РЕН ТВ программа передач сегодня"
[11:06:25] ⚠️  webSearch: ни один backend не дал результатов для "ТНТ программа передач сегодня"
[11:06:25] ⚠️  webSearch: ни один backend не дал результатов для "Пятый канал программа передач сегодня"
[11:06:25] ⚠️  webSearch: ни один backend не дал результатов для "ТВ Центр программа передач сегодня"
[11:06:25] ⚠️  webSearch: ни один backend не дал результатов для "ОТР программа передач сегодня"
[11:06:25] ⚠️  webSearch: ни один backend не дал результатов для "Звезда программа передач сегодня"
[11:06:25] ⚠️  webSearch: ни один backend не дал результатов для "ТВ-3 программа передач сегодня"
[11:06:26] ⚠️  webSearch: ни один backend не дал результатов для "Суббота! программа передач сегодня"
[11:06:26] ⚠️  webSearch: ни один backend не дал результатов для "Дом Кино программа передач сегодня"
[11:06:26] ⚠️  webSearch: ни один backend не дал результатов для "Карусель программа передач сегодня"
[11:06:26] ⚠️  webSearch: ни один backend не дал результатов для "Наука программа передач сегодня"
[11:06:26] ⚠️  webSearch: ни один backend не дал результатов для "МУЗ-ТВ программа передач сегодня"
[11:06:26] ⚠️  webSearch: ни один backend не дал результатов для "Матч! ТВ программа передач сегодня"
[11:06:27] ⚠️  webSearch: ни один backend не дал результатов для "Россия 24 программа передач сегодня"
[11:06:27] ⚠️  webSearch: ни один backend не дал результатов для "Домашний программа передач сегодня"
[11:06:27] ⚠️  webSearch: ни один backend не дал результатов для "Пятница! программа передач сегодня"
[11:06:27] ⚠️  webSearch: ни один backend не дал результатов для "Россия Культура программа передач сегодня"
[11:06:27] ⚠️  webSearch: ни один backend не дал результатов для "ТНТ4 программа передач сегодня"
[11:06:27] ⚠️  webSearch: ни один backend не дал результатов для "2x2 программа передач сегодня"
[11:06:28] ⚠️  webSearch: ни один backend не дал результатов для "Мир программа передач сегодня"
[11:06:28] ⚠️  webSearch: ни один backend не дал результатов для "Спас программа передач сегодня"
[11:06:28] 📺 Шаг 3 (резерв): Яндекс.ТВ API для 23 каналов без расписания...
[11:06:29] ⚠️  Яндекс.ТВ каталог недоступен: HTTP 404 для https://tv.yandex.ru/ajax/i-tv-region/get?resource=schedule&params=%7B%22channelLimit%22%3A1000%2C%22channelProgramsLimit%22%3A1%2C%22fields%22%3A%22schedules%2Cchannel%2Ctitle%2CsiteUrl%2Clogo%2CoriginalSize%2Csrc%2Cid%2Csynonyms%22%7D
[11:06:29] 🎬 Шаг 4: загрузка m3u8-плейлистов...
[11:06:29]   📺 Плейлист https://raw.githubusercontent.com/OinkTechLLC/livem3u/main/zabava-full.m3u: 2222 записей
[11:06:29]   📺 Плейлист https://raw.githubusercontent.com/OinkTechLtd/rulive/main/russ.m3u: 12 записей
[11:06:29]   📺 Плейлист https://raw.githubusercontent.com/OinkTechLLC/livem3u/main/smotrim.m3u: 310 записей
[11:06:29]   📡 Привязано 0 реальных потоков
[11:06:29] 💾 Реестр каналов сохранён: 25 каналов
[11:06:29] ✅ Итого: 25 каналов в реестре, 2 с реальным расписанием (39 передач), 13.5с
[08:06:29] 📊 schedule.json: 25 каналов, 39 передач
[08:06:29] 🏗️  Собираем docs/...
[08:06:29]   ✅ index.html
[08:06:29]   ✅ embed.html
[08:06:29]   ✅ player.html
[08:06:29] ✅ docs/ собран
[15:19:08] 🤖 Запуск EPG-робота v3 (Node.js)...
[15:19:08] 📂 Загружен реестр каналов: 25 каналов
[15:19:08] 📡 Шаг 1: реальные XMLTV-агрегаторы...
[15:19:08]   → XMLTV: https://epgshare01.online/epgshare01/epg_ripper_ALL_SOURCES1.xml.gz
[15:19:12] ⚠️  https://epgshare01.online/epgshare01/epg_ripper_ALL_SOURCES1.xml.gz: Cannot create a string longer than 0x1fffffe8 characters
[15:19:12]   → XMLTV: https://raw.githubusercontent.com/Free-TV/IPTV/master/epg.xml
[15:19:12] ⚠️  https://raw.githubusercontent.com/Free-TV/IPTV/master/epg.xml: HTTP 404 для https://raw.githubusercontent.com/Free-TV/IPTV/master/epg.xml
[15:19:12]   → XMLTV: https://iptv-org.github.io/epg/guides/ru.xml
[15:19:12] ⚠️  https://iptv-org.github.io/epg/guides/ru.xml: HTTP 404 для https://iptv-org.github.io/epg/guides/ru.xml
[15:19:12] ⚠️  Ни один публичный XMLTV-источник не ответил в этот раз
[15:19:12] 🔍 Шаг 2: веб-поиск расписания для 25 каналов без данных...
[15:19:16]   ✅ Первый канал: 37 передач со страницы programma-peredach.com
[15:19:17]   ✅ Россия 1: 26 передач со страницы programma-peredach.com
[15:19:18] ⚠️  webSearch: ни один backend не дал результатов для "НТВ программа передач сегодня"
[15:19:19] ⚠️  webSearch: ни один backend не дал результатов для "СТС программа передач сегодня"
[15:19:19] ⚠️  webSearch: ни один backend не дал результатов для "РЕН ТВ программа передач сегодня"
[15:19:19] ⚠️  webSearch: ни один backend не дал результатов для "ТНТ программа передач сегодня"
[15:19:20] ⚠️  webSearch: ни один backend не дал результатов для "Пятый канал программа передач сегодня"
[15:19:20] ⚠️  webSearch: ни один backend не дал результатов для "ТВ Центр программа передач сегодня"
[15:19:20] ⚠️  webSearch: ни один backend не дал результатов для "ОТР программа передач сегодня"
[15:19:20] ⚠️  webSearch: ни один backend не дал результатов для "Звезда программа передач сегодня"
[15:19:21] ⚠️  webSearch: ни один backend не дал результатов для "ТВ-3 программа передач сегодня"
[15:19:21] ⚠️  webSearch: ни один backend не дал результатов для "Суббота! программа передач сегодня"
[15:19:21] ⚠️  webSearch: ни один backend не дал результатов для "Дом Кино программа передач сегодня"
[15:19:22] ⚠️  webSearch: ни один backend не дал результатов для "Карусель программа передач сегодня"
[15:19:22] ⚠️  webSearch: ни один backend не дал результатов для "Наука программа передач сегодня"
[15:19:22] ⚠️  webSearch: ни один backend не дал результатов для "МУЗ-ТВ программа передач сегодня"
[15:19:23] ⚠️  webSearch: ни один backend не дал результатов для "Матч! ТВ программа передач сегодня"
[15:19:23] ⚠️  webSearch: ни один backend не дал результатов для "Россия 24 программа передач сегодня"
[15:19:23] ⚠️  webSearch: ни один backend не дал результатов для "Домашний программа передач сегодня"
[15:19:23] ⚠️  webSearch: ни один backend не дал результатов для "Пятница! программа передач сегодня"
[15:19:24] ⚠️  webSearch: ни один backend не дал результатов для "Россия Культура программа передач сегодня"
[15:19:24] ⚠️  webSearch: ни один backend не дал результатов для "ТНТ4 программа передач сегодня"
[15:19:24] ⚠️  webSearch: ни один backend не дал результатов для "2x2 программа передач сегодня"
[15:19:25] ⚠️  webSearch: ни один backend не дал результатов для "Мир программа передач сегодня"
[15:19:25] ⚠️  webSearch: ни один backend не дал результатов для "Спас программа передач сегодня"
[15:19:25] 📺 Шаг 3 (резерв): Яндекс.ТВ API для 23 каналов без расписания...
[15:19:27] ⚠️  Яндекс.ТВ каталог недоступен: HTTP 404 для https://tv.yandex.ru/ajax/i-tv-region/get?resource=schedule&params=%7B%22channelLimit%22%3A1000%2C%22channelProgramsLimit%22%3A1%2C%22fields%22%3A%22schedules%2Cchannel%2Ctitle%2CsiteUrl%2Clogo%2CoriginalSize%2Csrc%2Cid%2Csynonyms%22%7D
[15:19:27] 🎬 Шаг 4: загрузка m3u8-плейлистов...
[15:19:27]   📺 Плейлист https://raw.githubusercontent.com/OinkTechLLC/livem3u/main/zabava-full.m3u: 2222 записей
[15:19:28]   📺 Плейлист https://raw.githubusercontent.com/OinkTechLtd/rulive/main/russ.m3u: 12 записей
[15:19:28]   📺 Плейлист https://raw.githubusercontent.com/OinkTechLLC/livem3u/main/smotrim.m3u: 310 записей
[15:19:28]   📡 Привязано 0 реальных потоков
[15:19:28] 💾 Реестр каналов сохранён: 25 каналов
[15:19:28] ✅ Итого: 25 каналов в реестре, 2 с реальным расписанием (34 передач), 20.1с
[12:19:28] 📊 schedule.json: 25 каналов, 34 передач
[12:19:28] 🏗️  Собираем docs/...
[12:19:28]   ✅ index.html
[12:19:28]   ✅ embed.html
[12:19:28]   ✅ player.html
[12:19:28] ✅ docs/ собран
[20:56:58] 🤖 Запуск EPG-робота v3 (Node.js)...
[20:56:58] 📂 Загружен реестр каналов: 25 каналов
[20:56:58] 📡 Шаг 1: реальные XMLTV-агрегаторы...
[20:56:58]   → XMLTV: https://epgshare01.online/epgshare01/epg_ripper_ALL_SOURCES1.xml.gz
[20:57:02] ⚠️  https://epgshare01.online/epgshare01/epg_ripper_ALL_SOURCES1.xml.gz: Cannot create a string longer than 0x1fffffe8 characters
[20:57:02]   → XMLTV: https://raw.githubusercontent.com/Free-TV/IPTV/master/epg.xml
[20:57:02] ⚠️  https://raw.githubusercontent.com/Free-TV/IPTV/master/epg.xml: HTTP 404 для https://raw.githubusercontent.com/Free-TV/IPTV/master/epg.xml
[20:57:02]   → XMLTV: https://iptv-org.github.io/epg/guides/ru.xml
[20:57:02] ⚠️  https://iptv-org.github.io/epg/guides/ru.xml: HTTP 404 для https://iptv-org.github.io/epg/guides/ru.xml
[20:57:02] ⚠️  Ни один публичный XMLTV-источник не ответил в этот раз
[20:57:02] 🔍 Шаг 2: веб-поиск расписания для 25 каналов без данных...
[20:57:08]   ✅ Первый канал: 37 передач со страницы programma-peredach.com
[20:57:11]   ✅ Россия 1: 26 передач со страницы programma-peredach.com
[20:57:11] ⚠️  webSearch: ни один backend не дал результатов для "НТВ программа передач сегодня"
[20:57:12] ⚠️  webSearch: ни один backend не дал результатов для "СТС программа передач сегодня"
[20:57:12] ⚠️  webSearch: ни один backend не дал результатов для "РЕН ТВ программа передач сегодня"
[20:57:12] ⚠️  webSearch: ни один backend не дал результатов для "ТНТ программа передач сегодня"
[20:57:12] ⚠️  webSearch: ни один backend не дал результатов для "Пятый канал программа передач сегодня"
[20:57:13] ⚠️  webSearch: ни один backend не дал результатов для "ТВ Центр программа передач сегодня"
[20:57:13] ⚠️  webSearch: ни один backend не дал результатов для "ОТР программа передач сегодня"
[20:57:13] ⚠️  webSearch: ни один backend не дал результатов для "Звезда программа передач сегодня"
[20:57:13] ⚠️  webSearch: ни один backend не дал результатов для "ТВ-3 программа передач сегодня"
[20:57:13] ⚠️  webSearch: ни один backend не дал результатов для "Суббота! программа передач сегодня"
[20:57:14] ⚠️  webSearch: ни один backend не дал результатов для "Дом Кино программа передач сегодня"
[20:57:14] ⚠️  webSearch: ни один backend не дал результатов для "Карусель программа передач сегодня"
[20:57:14] ⚠️  webSearch: ни один backend не дал результатов для "Наука программа передач сегодня"
[20:57:14] ⚠️  webSearch: ни один backend не дал результатов для "МУЗ-ТВ программа передач сегодня"
[20:57:14] ⚠️  webSearch: ни один backend не дал результатов для "Матч! ТВ программа передач сегодня"
[20:57:15] ⚠️  webSearch: ни один backend не дал результатов для "Россия 24 программа передач сегодня"
[20:57:15] ⚠️  webSearch: ни один backend не дал результатов для "Домашний программа передач сегодня"
[20:57:15] ⚠️  webSearch: ни один backend не дал результатов для "Пятница! программа передач сегодня"
[20:57:15] ⚠️  webSearch: ни один backend не дал результатов для "Россия Культура программа передач сегодня"
[20:57:15] ⚠️  webSearch: ни один backend не дал результатов для "ТНТ4 программа передач сегодня"
[20:57:15] ⚠️  webSearch: ни один backend не дал результатов для "2x2 программа передач сегодня"
[20:57:16] ⚠️  webSearch: ни один backend не дал результатов для "Мир программа передач сегодня"
[20:57:16] ⚠️  webSearch: ни один backend не дал результатов для "Спас программа передач сегодня"
[20:57:16] 📺 Шаг 3 (резерв): Яндекс.ТВ API для 23 каналов без расписания...
[20:57:17] ⚠️  Яндекс.ТВ каталог недоступен: HTTP 404 для https://tv.yandex.ru/ajax/i-tv-region/get?resource=schedule&params=%7B%22channelLimit%22%3A1000%2C%22channelProgramsLimit%22%3A1%2C%22fields%22%3A%22schedules%2Cchannel%2Ctitle%2CsiteUrl%2Clogo%2CoriginalSize%2Csrc%2Cid%2Csynonyms%22%7D
[20:57:17] 🎬 Шаг 4: загрузка m3u8-плейлистов...
[20:57:17]   📺 Плейлист https://raw.githubusercontent.com/OinkTechLLC/livem3u/main/zabava-full.m3u: 2222 записей
[20:57:17]   📺 Плейлист https://raw.githubusercontent.com/OinkTechLtd/rulive/main/russ.m3u: 12 записей
[20:57:17]   📺 Плейлист https://raw.githubusercontent.com/OinkTechLLC/livem3u/main/smotrim.m3u: 310 записей
[20:57:17]   📡 Привязано 0 реальных потоков
[20:57:17] 💾 Реестр каналов сохранён: 25 каналов
[20:57:17] ✅ Итого: 25 каналов в реестре, 2 с реальным расписанием (23 передач), 19.0с
[17:57:18] 📊 schedule.json: 25 каналов, 23 передач
[17:57:18] 🏗️  Собираем docs/...
[17:57:18]   ✅ index.html
[17:57:18]   ✅ embed.html
[17:57:18]   ✅ player.html
[17:57:18] ✅ docs/ собран
[23:23:46] 🤖 Запуск EPG-робота v3 (Node.js)...
[23:23:46] 📂 Загружен реестр каналов: 25 каналов
[23:23:46] 📡 Шаг 1: реальные XMLTV-агрегаторы...
[23:23:46]   → XMLTV: https://epgshare01.online/epgshare01/epg_ripper_ALL_SOURCES1.xml.gz
[23:23:50] ⚠️  https://epgshare01.online/epgshare01/epg_ripper_ALL_SOURCES1.xml.gz: Cannot create a string longer than 0x1fffffe8 characters
[23:23:50]   → XMLTV: https://raw.githubusercontent.com/Free-TV/IPTV/master/epg.xml
[23:23:50] ⚠️  https://raw.githubusercontent.com/Free-TV/IPTV/master/epg.xml: HTTP 404 для https://raw.githubusercontent.com/Free-TV/IPTV/master/epg.xml
[23:23:50]   → XMLTV: https://iptv-org.github.io/epg/guides/ru.xml
[23:23:50] ⚠️  https://iptv-org.github.io/epg/guides/ru.xml: HTTP 404 для https://iptv-org.github.io/epg/guides/ru.xml
[23:23:50] ⚠️  Ни один публичный XMLTV-источник не ответил в этот раз
[23:23:50] 🔍 Шаг 2: веб-поиск расписания для 25 каналов без данных...
[23:23:51]   ✅ Первый канал: 33 передач со страницы programma-peredach.com
[23:23:53]   ✅ Россия 1: 26 передач со страницы programma-peredach.com
[23:23:55] ⚠️  webSearch: ни один backend не дал результатов для "НТВ программа передач сегодня"
[23:23:55] ⚠️  webSearch: ни один backend не дал результатов для "СТС программа передач сегодня"
[23:23:56] ⚠️  webSearch: ни один backend не дал результатов для "РЕН ТВ программа передач сегодня"
[23:23:56] ⚠️  webSearch: ни один backend не дал результатов для "ТНТ программа передач сегодня"
[23:23:57] ⚠️  webSearch: ни один backend не дал результатов для "Пятый канал программа передач сегодня"
[23:23:57] ⚠️  webSearch: ни один backend не дал результатов для "ТВ Центр программа передач сегодня"
[23:23:58] ⚠️  webSearch: ни один backend не дал результатов для "ОТР программа передач сегодня"
[23:23:59] ⚠️  webSearch: ни один backend не дал результатов для "Звезда программа передач сегодня"
[23:23:59] ⚠️  webSearch: ни один backend не дал результатов для "ТВ-3 программа передач сегодня"
[23:24:00] ⚠️  webSearch: ни один backend не дал результатов для "Суббота! программа передач сегодня"
[23:24:01] ⚠️  webSearch: ни один backend не дал результатов для "Дом Кино программа передач сегодня"
[23:24:02] ⚠️  webSearch: ни один backend не дал результатов для "Карусель программа передач сегодня"
[23:24:04] ⚠️  webSearch: ни один backend не дал результатов для "Наука программа передач сегодня"
[23:24:05] ⚠️  webSearch: ни один backend не дал результатов для "МУЗ-ТВ программа передач сегодня"
[23:24:06] ⚠️  webSearch: ни один backend не дал результатов для "Матч! ТВ программа передач сегодня"
[23:24:07] ⚠️  webSearch: ни один backend не дал результатов для "Россия 24 программа передач сегодня"
[23:24:08] ⚠️  webSearch: ни один backend не дал результатов для "Домашний программа передач сегодня"
[23:24:09] ⚠️  webSearch: ни один backend не дал результатов для "Пятница! программа передач сегодня"
[23:24:10] ⚠️  webSearch: ни один backend не дал результатов для "Россия Культура программа передач сегодня"
[23:24:11] ⚠️  webSearch: ни один backend не дал результатов для "ТНТ4 программа передач сегодня"
[23:24:12] ⚠️  webSearch: ни один backend не дал результатов для "2x2 программа передач сегодня"
[23:24:13] ⚠️  webSearch: ни один backend не дал результатов для "Мир программа передач сегодня"
[23:24:14] ⚠️  webSearch: ни один backend не дал результатов для "Спас программа передач сегодня"
[23:24:14] 📺 Шаг 3 (резерв): Яндекс.ТВ API для 23 каналов без расписания...
[23:24:15] ⚠️  Яндекс.ТВ каталог недоступен: HTTP 404 для https://tv.yandex.ru/ajax/i-tv-region/get?resource=schedule&params=%7B%22channelLimit%22%3A1000%2C%22channelProgramsLimit%22%3A1%2C%22fields%22%3A%22schedules%2Cchannel%2Ctitle%2CsiteUrl%2Clogo%2CoriginalSize%2Csrc%2Cid%2Csynonyms%22%7D
[23:24:15] 🎬 Шаг 4: загрузка m3u8-плейлистов...
[23:24:15]   📺 Плейлист https://raw.githubusercontent.com/OinkTechLLC/livem3u/main/zabava-full.m3u: 2222 записей
[23:24:15]   📺 Плейлист https://raw.githubusercontent.com/OinkTechLtd/rulive/main/russ.m3u: 12 записей
[23:24:15]   📺 Плейлист https://raw.githubusercontent.com/OinkTechLLC/livem3u/main/smotrim.m3u: 310 записей
[23:24:15]   📡 Привязано 0 реальных потоков
[23:24:15] 💾 Реестр каналов сохранён: 25 каналов
[23:24:15] ✅ Итого: 25 каналов в реестре, 2 с реальным расписанием (8 передач), 29.7с
[20:24:16] 📊 schedule.json: 25 каналов, 8 передач
[20:24:16] 🏗️  Собираем docs/...
[20:24:16]   ✅ index.html
[20:24:16]   ✅ embed.html
[20:24:16]   ✅ player.html
[20:24:16] ✅ docs/ собран
[01:53:17] 🤖 Запуск EPG-робота v3 (Node.js)...
[01:53:17] 📂 Загружен реестр каналов: 25 каналов
[01:53:17] 📡 Шаг 1: реальные XMLTV-агрегаторы...
[01:53:17]   → XMLTV: https://epgshare01.online/epgshare01/epg_ripper_ALL_SOURCES1.xml.gz
[01:53:20] ⚠️  https://epgshare01.online/epgshare01/epg_ripper_ALL_SOURCES1.xml.gz: Cannot create a string longer than 0x1fffffe8 characters
[01:53:20]   → XMLTV: https://raw.githubusercontent.com/Free-TV/IPTV/master/epg.xml
[01:53:21] ⚠️  https://raw.githubusercontent.com/Free-TV/IPTV/master/epg.xml: HTTP 404 для https://raw.githubusercontent.com/Free-TV/IPTV/master/epg.xml
[01:53:21]   → XMLTV: https://iptv-org.github.io/epg/guides/ru.xml
[01:53:21] ⚠️  https://iptv-org.github.io/epg/guides/ru.xml: HTTP 404 для https://iptv-org.github.io/epg/guides/ru.xml
[01:53:21] ⚠️  Ни один публичный XMLTV-источник не ответил в этот раз
[01:53:21] 🔍 Шаг 2: веб-поиск расписания для 25 каналов без данных...
[01:53:27]   ✅ Первый канал: 33 передач со страницы programma-peredach.com
[01:53:29]   ✅ Россия 1: 26 передач со страницы programma-peredach.com
[01:53:30] ⚠️  webSearch: ни один backend не дал результатов для "НТВ программа передач сегодня"
[01:53:30] ⚠️  webSearch: ни один backend не дал результатов для "СТС программа передач сегодня"
[01:53:31] ⚠️  webSearch: ни один backend не дал результатов для "РЕН ТВ программа передач сегодня"
[01:53:31] ⚠️  webSearch: ни один backend не дал результатов для "ТНТ программа передач сегодня"
[01:53:32] ⚠️  webSearch: ни один backend не дал результатов для "Пятый канал программа передач сегодня"
[01:53:32] ⚠️  webSearch: ни один backend не дал результатов для "ТВ Центр программа передач сегодня"
[01:53:32] ⚠️  webSearch: ни один backend не дал результатов для "ОТР программа передач сегодня"
[01:53:33] ⚠️  webSearch: ни один backend не дал результатов для "Звезда программа передач сегодня"
[01:53:33] ⚠️  webSearch: ни один backend не дал результатов для "ТВ-3 программа передач сегодня"
[01:53:34] ⚠️  webSearch: ни один backend не дал результатов для "Суббота! программа передач сегодня"
[01:53:34] ⚠️  webSearch: ни один backend не дал результатов для "Дом Кино программа передач сегодня"
[01:53:34] ⚠️  webSearch: ни один backend не дал результатов для "Карусель программа передач сегодня"
[01:53:35] ⚠️  webSearch: ни один backend не дал результатов для "Наука программа передач сегодня"
[01:53:35] ⚠️  webSearch: ни один backend не дал результатов для "МУЗ-ТВ программа передач сегодня"
[01:53:36] ⚠️  webSearch: ни один backend не дал результатов для "Матч! ТВ программа передач сегодня"
[01:53:36] ⚠️  webSearch: ни один backend не дал результатов для "Россия 24 программа передач сегодня"
[01:53:36] ⚠️  webSearch: ни один backend не дал результатов для "Домашний программа передач сегодня"
[01:53:37] ⚠️  webSearch: ни один backend не дал результатов для "Пятница! программа передач сегодня"
[01:53:37] ⚠️  webSearch: ни один backend не дал результатов для "Россия Культура программа передач сегодня"
[01:53:38] ⚠️  webSearch: ни один backend не дал результатов для "ТНТ4 программа передач сегодня"
[01:53:38] ⚠️  webSearch: ни один backend не дал результатов для "2x2 программа передач сегодня"
[01:53:38] ⚠️  webSearch: ни один backend не дал результатов для "Мир программа передач сегодня"
[01:53:39] ⚠️  webSearch: ни один backend не дал результатов для "Спас программа передач сегодня"
[01:53:39] 📺 Шаг 3 (резерв): Яндекс.ТВ API для 23 каналов без расписания...
[01:53:40] ⚠️  Яндекс.ТВ каталог недоступен: HTTP 404 для https://tv.yandex.ru/ajax/i-tv-region/get?resource=schedule&params=%7B%22channelLimit%22%3A1000%2C%22channelProgramsLimit%22%3A1%2C%22fields%22%3A%22schedules%2Cchannel%2Ctitle%2CsiteUrl%2Clogo%2CoriginalSize%2Csrc%2Cid%2Csynonyms%22%7D
[01:53:40] 🎬 Шаг 4: загрузка m3u8-плейлистов...
[01:53:41]   📺 Плейлист https://raw.githubusercontent.com/OinkTechLLC/livem3u/main/zabava-full.m3u: 2222 записей
[01:53:41]   📺 Плейлист https://raw.githubusercontent.com/OinkTechLtd/rulive/main/russ.m3u: 12 записей
[01:53:42]   📺 Плейлист https://raw.githubusercontent.com/OinkTechLLC/livem3u/main/smotrim.m3u: 310 записей
[01:53:42]   📡 Привязано 0 реальных потоков
[01:53:42] 💾 Реестр каналов сохранён: 25 каналов
[01:53:42] ✅ Итого: 25 каналов в реестре, 2 с реальным расписанием (59 передач), 25.0с
[22:53:42] 📊 schedule.json: 25 каналов, 59 передач
[22:53:42] 🏗️  Собираем docs/...
[22:53:42]   ✅ index.html
[22:53:42]   ✅ embed.html
[22:53:42]   ✅ player.html
[22:53:42] ✅ docs/ собран
